<?xml version="1.0" encoding="UTF-8" ?>
<testsuite errors="0" failures="0" hostname="qwest.pk5001z" name="com.scarletshark.geojson.JsonCoordinateTest" tests="7" time="0.125" timestamp="2013-05-29T03:51:26">
  <properties>
[...]
</properties>
  <testcase classname="com.scarletshark.geojson.JsonCoordinateTest" name="testEquals" time="0.0080" />
  <testcase classname="com.scarletshark.geojson.JsonCoordinateTest" name="testGetAltitude" time="0.0" />
  <testcase classname="com.scarletshark.geojson.JsonCoordinateTest" name="testGetLatitude" time="0.0" />
  <testcase classname="com.scarletshark.geojson.JsonCoordinateTest" name="testGetLongitude" time="0.0010" />
  <testcase classname="com.scarletshark.geojson.JsonCoordinateTest" name="testIs3D" time="0.0" />
  <testcase classname="com.scarletshark.geojson.JsonCoordinateTest" name="testSetAltitude" time="0.0010" />
  <testcase classname="com.scarletshark.geojson.JsonCoordinateTest" name="testToString" time="0.0010" />
  <system-out><![CDATA[equals
getAltitude
getLatitude
getLongitude
is3D
setAltitude
toString
]]></system-out>
  <system-err><![CDATA[]]></system-err>
</testsuite>
